INFO: Running with entropic power schedule (0xFF, 100).
INFO: Seed: 3484082669
MERGE-OUTER: 3050 files, 0 in the initial corpus, 0 processed earlier
MERGE-OUTER: attempt 1
INFO: Running with entropic power schedule (0xFF, 100).
INFO: Seed: 3484103978
INFO: -max_len is not provided; libFuzzer will not generate inputs larger than 1048576 bytes
MERGE-INNER: using the control file '/tmp/libFuzzerTemp.Merge87.txt'
MERGE-INNER: 3050 total files; 0 processed earlier; will process 3050 files now
#1	pulse  exec/s: 0 rss: 29Mb
#2	pulse  exec/s: 0 rss: 29Mb
#4	pulse  exec/s: 0 rss: 29Mb
#8	pulse  exec/s: 0 rss: 29Mb
#16	pulse  exec/s: 0 rss: 29Mb
#32	pulse  exec/s: 0 rss: 29Mb
#64	pulse  exec/s: 0 rss: 29Mb
#128	pulse  exec/s: 0 rss: 29Mb
#256	pulse  exec/s: 0 rss: 29Mb
#512	pulse  exec/s: 0 rss: 30Mb
#1024	pulse  exec/s: 1024 rss: 30Mb
#2048	pulse  exec/s: 1024 rss: 30Mb
#3050	DONE   exec/s: 381 rss: 30Mb
MERGE-OUTER: successful in 1 attempt(s)
MERGE-OUTER: the control file has 402466 bytes
MERGE-OUTER: consumed 0Mb (29Mb rss) to parse the control file
MERGE-OUTER: 0 new files with 0 new features added; 0 new coverage edges
